<?xml version="1.0" encoding="UTF-8"?>
<!-- Generated by org.testng.reporters.JUnitXMLReporter -->
<testsuite hostname="GQC-Pallavi" name="Test1" tests="1" failures="1" timestamp="6 Jan 2015 05:29:52 GMT" time="17.324" errors="0">
  <testcase name="testGoogle" time="0.126" classname="scripts.GoogleDemo">
    <failure type="junit.framework.ComparisonFailure" message="This is Title verification expected:&amp;lt;Google[1]&amp;gt; but was:&amp;lt;Google[]&amp;gt;">
      <![CDATA[junit.framework.ComparisonFailure: This is Title verification expected:<Google[1]> but was:<Google[]>
	at junit.framework.Assert.assertEquals(Assert.java:85)
	at scripts.GoogleDemo.testGoogle(GoogleDemo.java:43)
... Removed 23 stack frames]]>
    </failure>
  </testcase> <!-- testGoogle -->
</testsuite> <!-- Test1 -->
